<?xml version="1.0" encoding="UTF-8"?>
<robot generator="Robot 6.0 (Python 3.10.4 on win32)" generated="20221020 16:48:03.980" rpa="false" schemaversion="3">
<suite id="s1" name="Validation" source="D:\PYTHON-PROJECTS\RobotFramework\Automation\Validation.robot">
<test id="s1-t1" name="Validations" line="13">
<kw name="Open Browser" library="SeleniumLibrary">
<arg>${url}</arg>
<arg>${browser}</arg>
<doc>Opens a new browser instance to the optional ``url``.</doc>
<msg timestamp="20221020 16:48:04.169" level="INFO">Opening browser 'Chrome' to base url 'https://www.flipkart.com/'.</msg>
<status status="PASS" starttime="20221020 16:48:04.169" endtime="20221020 16:48:50.282"/>
</kw>
<kw name="Wait Until Page Contains" library="SeleniumLibrary">
<arg>${url}</arg>
<doc>Waits until ``text`` appears on the current page.</doc>
<status status="PASS" starttime="20221020 16:48:50.283" endtime="20221020 16:48:50.300"/>
</kw>
<kw name="Maximize Browser Window" library="SeleniumLibrary">
<doc>Maximizes current browser window.</doc>
<status status="PASS" starttime="20221020 16:48:50.301" endtime="20221020 16:48:50.427"/>
</kw>
<kw name="Title Should Be" library="SeleniumLibrary">
<arg>Online Shopping Site for Mobiles, Electronics, Furniture, Grocery, Lifestyle, Books &amp; More. Best Offers!</arg>
<doc>Verifies that the current page title equals ``title``.</doc>
<msg timestamp="20221020 16:48:50.436" level="INFO">Page title is 'Online Shopping Site for Mobiles, Electronics, Furniture, Grocery, Lifestyle, Books &amp; More. Best Offers!'.</msg>
<status status="PASS" starttime="20221020 16:48:50.427" endtime="20221020 16:48:50.436"/>
</kw>
<kw name="Set Variable" library="BuiltIn">
<var>${input_tet}</var>
<arg>xpath:/html/body/div[2]/div/div/div/div/div[2]/div/form/div[1]/input</arg>
<doc>Returns the given values which can then be assigned to a variables.</doc>
<msg timestamp="20221020 16:48:50.437" level="INFO">${input_tet} = xpath:/html/body/div[2]/div/div/div/div/div[2]/div/form/div[1]/input</msg>
<status status="PASS" starttime="20221020 16:48:50.437" endtime="20221020 16:48:50.437"/>
</kw>
<kw name="Element Should Be Enabled" library="SeleniumLibrary">
<arg>${input_tet}</arg>
<doc>Verifies that element identified by ``locator`` is enabled.</doc>
<status status="PASS" starttime="20221020 16:48:50.438" endtime="20221020 16:48:50.477"/>
</kw>
<kw name="Element Should Be Visible" library="SeleniumLibrary">
<arg>${input_tet}</arg>
<doc>Verifies that the element identified by ``locator`` is visible.</doc>
<msg timestamp="20221020 16:48:50.502" level="INFO">Element 'xpath:/html/body/div[2]/div/div/div/div/div[2]/div/form/div[1]/input' is displayed.</msg>
<status status="PASS" starttime="20221020 16:48:50.478" endtime="20221020 16:48:50.502"/>
</kw>
<kw name="Sleep" library="BuiltIn">
<arg>2</arg>
<doc>Pauses the test executed for the given time.</doc>
<msg timestamp="20221020 16:48:52.508" level="INFO">Slept 2 seconds</msg>
<status status="PASS" starttime="20221020 16:48:50.503" endtime="20221020 16:48:52.508"/>
</kw>
<kw name="Input Text" library="SeleniumLibrary">
<arg>xpath:/html/body/div[2]/div/div/div/div/div[2]/div/form/div[1]/input</arg>
<arg>9602408640</arg>
<doc>Types the given ``text`` into the text field identified by ``locator``.</doc>
<msg timestamp="20221020 16:48:52.509" level="INFO">Typing text '9602408640' into text field 'xpath:/html/body/div[2]/div/div/div/div/div[2]/div/form/div[1]/input'.</msg>
<status status="PASS" starttime="20221020 16:48:52.509" endtime="20221020 16:48:52.598"/>
</kw>
<kw name="Sleep" library="BuiltIn">
<arg>2</arg>
<doc>Pauses the test executed for the given time.</doc>
<msg timestamp="20221020 16:48:54.613" level="INFO">Slept 2 seconds</msg>
<status status="PASS" starttime="20221020 16:48:52.599" endtime="20221020 16:48:54.614"/>
</kw>
<kw name="Input Text" library="SeleniumLibrary">
<arg>xpath:/html/body/div[2]/div/div/div/div/div[2]/div/form/div[2]/input</arg>
<arg>Family@2022</arg>
<doc>Types the given ``text`` into the text field identified by ``locator``.</doc>
<msg timestamp="20221020 16:48:54.616" level="INFO">Typing text 'Family@2022' into text field 'xpath:/html/body/div[2]/div/div/div/div/div[2]/div/form/div[2]/input'.</msg>
<status status="PASS" starttime="20221020 16:48:54.615" endtime="20221020 16:48:54.733"/>
</kw>
<kw name="Sleep" library="BuiltIn">
<arg>2</arg>
<doc>Pauses the test executed for the given time.</doc>
<msg timestamp="20221020 16:48:56.746" level="INFO">Slept 2 seconds</msg>
<status status="PASS" starttime="20221020 16:48:54.733" endtime="20221020 16:48:56.746"/>
</kw>
<kw name="Click Button" library="SeleniumLibrary">
<arg>xpath:/html/body/div[2]/div/div/div/div/div[2]/div/form/div[4]/button</arg>
<doc>Clicks the button identified by ``locator``.</doc>
<msg timestamp="20221020 16:48:56.750" level="INFO">Clicking button 'xpath:/html/body/div[2]/div/div/div/div/div[2]/div/form/div[4]/button'.</msg>
<status status="PASS" starttime="20221020 16:48:56.748" endtime="20221020 16:48:56.832"/>
</kw>
<kw name="Sleep" library="BuiltIn">
<arg>10</arg>
<doc>Pauses the test executed for the given time.</doc>
<msg timestamp="20221020 16:49:06.836" level="INFO">Slept 10 seconds</msg>
<status status="PASS" starttime="20221020 16:48:56.834" endtime="20221020 16:49:06.836"/>
</kw>
<kw name="Close Browser" library="SeleniumLibrary">
<doc>Closes the current browser.</doc>
<status status="PASS" starttime="20221020 16:49:06.838" endtime="20221020 16:49:09.007"/>
</kw>
<status status="PASS" starttime="20221020 16:48:04.167" endtime="20221020 16:49:09.008"/>
</test>
<status status="PASS" starttime="20221020 16:48:03.983" endtime="20221020 16:49:09.011"/>
</suite>
<statistics>
<total>
<stat pass="1" fail="0" skip="0">All Tests</stat>
</total>
<tag>
</tag>
<suite>
<stat pass="1" fail="0" skip="0" id="s1" name="Validation">Validation</stat>
</suite>
</statistics>
<errors>
</errors>
</robot>
